  Sample.cpp
Sample.cpp(732): warning C4305: 'argument': truncation from 'double' to 'GLfloat'
Sample.cpp(734): warning C4244: 'initializing': conversion from 'double' to 'float', possible loss of data
Sample.cpp(735): warning C4244: 'argument': conversion from 'double' to 'GLfloat', possible loss of data
Sample.cpp(742): warning C4305: 'argument': truncation from 'double' to 'GLfloat'
Sample.cpp(744): warning C4244: 'initializing': conversion from 'double' to 'float', possible loss of data
Sample.cpp(745): warning C4244: 'argument': conversion from 'double' to 'GLfloat', possible loss of data
Sample.cpp(752): warning C4305: 'argument': truncation from 'double' to 'GLfloat'
Sample.cpp(754): warning C4244: 'initializing': conversion from 'double' to 'float', possible loss of data
Sample.cpp(755): warning C4244: 'argument': conversion from 'double' to 'GLfloat', possible loss of data
Sample.cpp(756): warning C4244: 'argument': conversion from 'double' to 'GLfloat', possible loss of data
Sample.cpp(763): warning C4305: 'argument': truncation from 'double' to 'GLfloat'
Sample.cpp(768): warning C4305: 'argument': truncation from 'double' to 'GLfloat'
Sample.cpp(775): warning C4305: 'argument': truncation from 'double' to 'GLfloat'
Sample.cpp(788): warning C4305: 'argument': truncation from 'double' to 'GLfloat'
Sample.cpp(811): warning C4305: 'argument': truncation from 'double' to 'GLfloat'
Sample.cpp(813): warning C4244: 'initializing': conversion from 'double' to 'float', possible loss of data
Sample.cpp(814): warning C4244: 'argument': conversion from 'double' to 'GLfloat', possible loss of data
Sample.cpp(821): warning C4305: 'argument': truncation from 'double' to 'GLfloat'
Sample.cpp(823): warning C4244: 'initializing': conversion from 'double' to 'float', possible loss of data
Sample.cpp(824): warning C4244: 'argument': conversion from 'double' to 'GLfloat', possible loss of data
Sample.cpp(831): warning C4305: 'argument': truncation from 'double' to 'GLfloat'
Sample.cpp(833): warning C4244: 'initializing': conversion from 'double' to 'float', possible loss of data
Sample.cpp(834): warning C4244: 'argument': conversion from 'double' to 'GLfloat', possible loss of data
Sample.cpp(835): warning C4244: 'argument': conversion from 'double' to 'GLfloat', possible loss of data
Sample.cpp(842): warning C4305: 'argument': truncation from 'double' to 'GLfloat'
Sample.cpp(847): warning C4305: 'argument': truncation from 'double' to 'GLfloat'
Sample.cpp(854): warning C4305: 'argument': truncation from 'double' to 'GLfloat'
Sample.cpp(867): warning C4305: 'argument': truncation from 'double' to 'GLfloat'
Sample.cpp(885): warning C4305: 'argument': truncation from 'double' to 'GLfloat'
Sample.cpp(891): warning C4305: 'argument': truncation from 'double' to 'GLfloat'
Sample.cpp(898): warning C4305: 'argument': truncation from 'double' to 'GLfloat'
Sample.cpp(911): warning C4305: 'argument': truncation from 'double' to 'GLfloat'
Sample.cpp(934): warning C4305: 'argument': truncation from 'double' to 'GLfloat'
Sample.cpp(936): warning C4244: 'initializing': conversion from 'double' to 'float', possible loss of data
Sample.cpp(937): warning C4244: 'argument': conversion from 'double' to 'GLfloat', possible loss of data
Sample.cpp(944): warning C4305: 'argument': truncation from 'double' to 'GLfloat'
Sample.cpp(946): warning C4244: 'initializing': conversion from 'double' to 'float', possible loss of data
Sample.cpp(947): warning C4244: 'argument': conversion from 'double' to 'GLfloat', possible loss of data
Sample.cpp(954): warning C4305: 'argument': truncation from 'double' to 'GLfloat'
Sample.cpp(956): warning C4244: 'initializing': conversion from 'double' to 'float', possible loss of data
Sample.cpp(957): warning C4244: 'argument': conversion from 'double' to 'GLfloat', possible loss of data
Sample.cpp(958): warning C4244: 'argument': conversion from 'double' to 'GLfloat', possible loss of data
Sample.cpp(970): warning C4305: 'argument': truncation from 'double' to 'GLfloat'
Sample.cpp(972): warning C4244: 'initializing': conversion from 'double' to 'float', possible loss of data
Sample.cpp(973): warning C4244: 'argument': conversion from 'double' to 'GLfloat', possible loss of data
Sample.cpp(980): warning C4305: 'argument': truncation from 'double' to 'GLfloat'
Sample.cpp(982): warning C4244: 'initializing': conversion from 'double' to 'float', possible loss of data
Sample.cpp(983): warning C4244: 'argument': conversion from 'double' to 'GLfloat', possible loss of data
Sample.cpp(990): warning C4305: 'argument': truncation from 'double' to 'GLfloat'
Sample.cpp(992): warning C4244: 'initializing': conversion from 'double' to 'float', possible loss of data
Sample.cpp(993): warning C4244: 'argument': conversion from 'double' to 'GLfloat', possible loss of data
Sample.cpp(994): warning C4244: 'argument': conversion from 'double' to 'GLfloat', possible loss of data
Sample.cpp(1006): warning C4305: 'argument': truncation from 'double' to 'GLfloat'
Sample.cpp(1007): warning C4244: 'argument': conversion from 'double' to 'GLint', possible loss of data
Sample.cpp(1414): warning C4244: 'initializing': conversion from 'double' to 'float', possible loss of data
