Build started 10/16/2016 10:20:08 PM.
     1>Project "C:\Users\basimisk\Google Drive\Grad School\Fall 2016\CS550 Introduction to Computer Graphics\P3\Sample\SampleFreeGlut\Sample.vcxproj" on node 2 (Build target(s)).
     1>ClCompile:
         C:\Program Files (x86)\Microsoft Visual Studio 12.0\VC\bin\x86_amd64\CL.exe /c /Zi /nologo /W3 /WX- /O2 /Ob1 /D WIN32 /D NDEBUG /D _CONSOLE /D _VC80_UPGRADE=0x0710 /D _MBCS /GF /Gm- /EHsc /MT /GS /Gy /fp:precise /Zc:wchar_t /Zc:forScope /Fo".\Release/" /Fd".\Release/vc120.pdb" /Gd /TP /errorReport:prompt sample.cpp
         sample.cpp
     1>sample.cpp(256): warning C4244: 'initializing' : conversion from 'double' to 'float', possible loss of data
     1>sample.cpp(261): warning C4244: 'initializing' : conversion from 'double' to 'float', possible loss of data
     1>sample.cpp(273): warning C4244: '=' : conversion from 'double' to 'float', possible loss of data
     1>sample.cpp(274): warning C4244: '=' : conversion from 'double' to 'float', possible loss of data
     1>sample.cpp(278): warning C4244: '=' : conversion from 'double' to 'float', possible loss of data
     1>sample.cpp(279): warning C4244: '=' : conversion from 'double' to 'float', possible loss of data
     1>sample.cpp(414): warning C4005: 'MS_IN_THE_ANIMATION_CYCLE' : macro redefinition
                 sample.cpp(19) : see previous definition of 'MS_IN_THE_ANIMATION_CYCLE'
     1>sample.cpp(675): warning C4244: '=' : conversion from 'double' to 'float', possible loss of data
     1>sample.cpp(807): warning C4244: 'argument' : conversion from 'double' to 'GLfloat', possible loss of data
     1>sample.cpp(822): warning C4244: 'argument' : conversion from 'double' to 'GLfloat', possible loss of data
     1>sample.cpp(828): warning C4244: 'argument' : conversion from 'double' to 'GLfloat', possible loss of data
     1>sample.cpp(829): warning C4244: 'argument' : conversion from 'double' to 'GLfloat', possible loss of data
     1>sample.cpp(835): warning C4244: 'argument' : conversion from 'double' to 'GLfloat', possible loss of data
     1>sample.cpp(836): warning C4244: 'argument' : conversion from 'double' to 'GLfloat', possible loss of data
     1>sample.cpp(1188): warning C4305: 'argument' : truncation from 'double' to 'GLfloat'
     1>sample.cpp(1190): warning C4305: 'argument' : truncation from 'double' to 'GLfloat'
     1>sample.cpp(1191): warning C4244: '=' : conversion from 'double' to 'float', possible loss of data
     1>sample.cpp(1200): warning C4244: 'argument' : conversion from 'double' to 'GLfloat', possible loss of data
     1>sample.cpp(1204): warning C4244: 'argument' : conversion from 'double' to 'GLfloat', possible loss of data
     1>sample.cpp(1219): warning C4305: 'argument' : truncation from 'double' to 'GLfloat'
     1>sample.cpp(1221): warning C4305: 'argument' : truncation from 'double' to 'GLfloat'
     1>sample.cpp(1222): warning C4244: '=' : conversion from 'double' to 'float', possible loss of data
     1>sample.cpp(1230): warning C4244: 'argument' : conversion from 'double' to 'GLfloat', possible loss of data
     1>sample.cpp(1234): warning C4244: 'argument' : conversion from 'double' to 'GLfloat', possible loss of data
     1>C:\Program Files (x86)\MSBuild\Microsoft.Cpp\v4.0\V120\Microsoft.CppBuild.targets(1186,5): warning MSB8012: TargetPath(C:\Users\basimisk\Google Drive\Grad School\Fall 2016\CS550 Introduction to Computer Graphics\P3\Sample\SampleFreeGlut\x64\Release\Sample.exe) does not match the Linker's OutputFile property value (C:\Users\basimisk\Google Drive\Grad School\Fall 2016\CS550 Introduction to Computer Graphics\P3\Sample\SampleFreeGlut\Release\Sample.exe). This may cause your project to build incorrectly. To correct this, please make sure that $(OutDir), $(TargetName) and $(TargetExt) property values match the value specified in %(Link.OutputFile).
       Link:
         C:\Program Files (x86)\Microsoft Visual Studio 12.0\VC\bin\x86_amd64\link.exe /ERRORREPORT:PROMPT /OUT:".\Release/Sample.exe" /INCREMENTAL:NO /NOLOGO kernel32.lib user32.lib gdi32.lib winspool.lib comdlg32.lib advapi32.lib shell32.lib ole32.lib oleaut32.lib uuid.lib odbc32.lib odbccp32.lib /MANIFEST /MANIFESTUAC:"level='asInvoker' uiAccess='false'" /manifest:embed /PDB:".\Release/Sample.pdb" /SUBSYSTEM:CONSOLE /TLBID:1 /DYNAMICBASE:NO /IMPLIB:"C:\Users\basimisk\Google Drive\Grad School\Fall 2016\CS550 Introduction to Computer Graphics\P3\Sample\SampleFreeGlut\x64\Release\Sample.lib" /MACHINE:X64 .\Release/sample.obj
     1>sample.obj : error LNK2019: unresolved external symbol __imp_glewInit referenced in function "void __cdecl InitGraphics(void)" (?InitGraphics@@YAXXZ)
     1>sample.obj : error LNK2019: unresolved external symbol __imp_glewGetString referenced in function "void __cdecl InitGraphics(void)" (?InitGraphics@@YAXXZ)
     1>sample.obj : error LNK2019: unresolved external symbol __imp_glutInitWindowPosition referenced in function "void __cdecl InitGraphics(void)" (?InitGraphics@@YAXXZ)
     1>sample.obj : error LNK2019: unresolved external symbol __imp_glutInitWindowSize referenced in function "void __cdecl InitGraphics(void)" (?InitGraphics@@YAXXZ)
     1>sample.obj : error LNK2019: unresolved external symbol __imp_glutInitDisplayMode referenced in function "void __cdecl InitGraphics(void)" (?InitGraphics@@YAXXZ)
     1>sample.obj : error LNK2019: unresolved external symbol __imp_glutMainLoop referenced in function main
     1>sample.obj : error LNK2019: unresolved external symbol __imp_glutDestroyWindow referenced in function "void __cdecl DoMainMenu(int)" (?DoMainMenu@@YAXH@Z)
     1>sample.obj : error LNK2019: unresolved external symbol __imp_glutSetWindow referenced in function "void __cdecl Animate(void)" (?Animate@@YAXXZ)
     1>sample.obj : error LNK2019: unresolved external symbol __imp_glutSetWindowTitle referenced in function "void __cdecl InitGraphics(void)" (?InitGraphics@@YAXXZ)
     1>sample.obj : error LNK2019: unresolved external symbol __imp_glutPostRedisplay referenced in function "void __cdecl Animate(void)" (?Animate@@YAXXZ)
     1>sample.obj : error LNK2019: unresolved external symbol __imp_glutSwapBuffers referenced in function "void __cdecl Display(void)" (?Display@@YAXXZ)
     1>sample.obj : error LNK2019: unresolved external symbol __imp_glutAddMenuEntry referenced in function "void __cdecl InitMenus(void)" (?InitMenus@@YAXXZ)
     1>sample.obj : error LNK2019: unresolved external symbol __imp_glutAddSubMenu referenced in function "void __cdecl InitMenus(void)" (?InitMenus@@YAXXZ)
     1>sample.obj : error LNK2019: unresolved external symbol __imp_glutAttachMenu referenced in function "void __cdecl InitMenus(void)" (?InitMenus@@YAXXZ)
     1>sample.obj : error LNK2019: unresolved external symbol __imp_glutTimerFunc referenced in function "void __cdecl InitGraphics(void)" (?InitGraphics@@YAXXZ)
     1>sample.obj : error LNK2019: unresolved external symbol __imp_glutIdleFunc referenced in function "void __cdecl InitGraphics(void)" (?InitGraphics@@YAXXZ)
     1>sample.obj : error LNK2019: unresolved external symbol __imp_glutKeyboardFunc referenced in function "void __cdecl InitGraphics(void)" (?InitGraphics@@YAXXZ)
     1>sample.obj : error LNK2019: unresolved external symbol __imp_glutSpecialFunc referenced in function "void __cdecl InitGraphics(void)" (?InitGraphics@@YAXXZ)
     1>sample.obj : error LNK2019: unresolved external symbol __imp_glutReshapeFunc referenced in function "void __cdecl InitGraphics(void)" (?InitGraphics@@YAXXZ)
     1>sample.obj : error LNK2019: unresolved external symbol __imp_glutVisibilityFunc referenced in function "void __cdecl InitGraphics(void)" (?InitGraphics@@YAXXZ)
     1>sample.obj : error LNK2019: unresolved external symbol __imp_glutDisplayFunc referenced in function "void __cdecl InitGraphics(void)" (?InitGraphics@@YAXXZ)
     1>sample.obj : error LNK2019: unresolved external symbol __imp_glutMouseFunc referenced in function "void __cdecl InitGraphics(void)" (?InitGraphics@@YAXXZ)
     1>sample.obj : error LNK2019: unresolved external symbol __imp_glutMotionFunc referenced in function "void __cdecl InitGraphics(void)" (?InitGraphics@@YAXXZ)
     1>sample.obj : error LNK2019: unresolved external symbol __imp_glutPassiveMotionFunc referenced in function "void __cdecl InitGraphics(void)" (?InitGraphics@@YAXXZ)
     1>sample.obj : error LNK2019: unresolved external symbol __imp_glutEntryFunc referenced in function "void __cdecl InitGraphics(void)" (?InitGraphics@@YAXXZ)
     1>sample.obj : error LNK2019: unresolved external symbol __imp_glutMenuStateFunc referenced in function "void __cdecl InitGraphics(void)" (?InitGraphics@@YAXXZ)
     1>sample.obj : error LNK2019: unresolved external symbol __imp_glutSpaceballMotionFunc referenced in function "void __cdecl InitGraphics(void)" (?InitGraphics@@YAXXZ)
     1>sample.obj : error LNK2019: unresolved external symbol __imp_glutSpaceballRotateFunc referenced in function "void __cdecl InitGraphics(void)" (?InitGraphics@@YAXXZ)
     1>sample.obj : error LNK2019: unresolved external symbol __imp_glutSpaceballButtonFunc referenced in function "void __cdecl InitGraphics(void)" (?InitGraphics@@YAXXZ)
     1>sample.obj : error LNK2019: unresolved external symbol __imp_glutButtonBoxFunc referenced in function "void __cdecl InitGraphics(void)" (?InitGraphics@@YAXXZ)
     1>sample.obj : error LNK2019: unresolved external symbol __imp_glutDialsFunc referenced in function "void __cdecl InitGraphics(void)" (?InitGraphics@@YAXXZ)
     1>sample.obj : error LNK2019: unresolved external symbol __imp_glutTabletMotionFunc referenced in function "void __cdecl InitGraphics(void)" (?InitGraphics@@YAXXZ)
     1>sample.obj : error LNK2019: unresolved external symbol __imp_glutTabletButtonFunc referenced in function "void __cdecl InitGraphics(void)" (?InitGraphics@@YAXXZ)
     1>sample.obj : error LNK2019: unresolved external symbol __imp_glutGet referenced in function "void __cdecl Animate(void)" (?Animate@@YAXXZ)
     1>sample.obj : error LNK2019: unresolved external symbol __imp_glutBitmapCharacter referenced in function "void __cdecl DoRasterString(float,float,float,char *)" (?DoRasterString@@YAXMMMPEAD@Z)
     1>sample.obj : error LNK2019: unresolved external symbol __imp_glutStrokeCharacter referenced in function "void __cdecl DoStrokeString(float,float,float,float,char *)" (?DoStrokeString@@YAXMMMMPEAD@Z)
     1>sample.obj : error LNK2019: unresolved external symbol __imp___glutInitWithExit referenced in function glutInit_ATEXIT_HACK
     1>sample.obj : error LNK2019: unresolved external symbol __imp___glutCreateWindowWithExit referenced in function glutCreateWindow_ATEXIT_HACK
     1>sample.obj : error LNK2019: unresolved external symbol __imp___glutCreateMenuWithExit referenced in function glutCreateMenu_ATEXIT_HACK
     1>.\Release/Sample.exe : fatal error LNK1120: 39 unresolved externals
     1>Done Building Project "C:\Users\basimisk\Google Drive\Grad School\Fall 2016\CS550 Introduction to Computer Graphics\P3\Sample\SampleFreeGlut\Sample.vcxproj" (Build target(s)) -- FAILED.

Build FAILED.

Time Elapsed 00:00:02.41
